[debug] [2020-05-01T12:33:38.184Z] ----------------------------------------------------------------------
[debug] [2020-05-01T12:33:38.186Z] Command:       C:\Program Files\nodejs\node.exe C:\Users\c.b.radhakrishnan\AppData\Roaming\npm\node_modules\firebase-tools\lib\bin\firebase.js init
[debug] [2020-05-01T12:33:38.186Z] CLI Version:   8.1.1
[debug] [2020-05-01T12:33:38.187Z] Platform:      win32
[debug] [2020-05-01T12:33:38.187Z] Node Version:  v10.15.3
[debug] [2020-05-01T12:33:38.189Z] Time:          Fri May 01 2020 14:33:38 GMT+0200 (Central European Summer Time)
[debug] [2020-05-01T12:33:38.189Z] ----------------------------------------------------------------------
[debug] [2020-05-01T12:33:38.189Z] 
[debug] [2020-05-01T12:33:38.209Z] > command requires scopes: ["email","openid","https://www.googleapis.com/auth/cloudplatformprojects.readonly","https://www.googleapis.com/auth/firebase","https://www.googleapis.com/auth/cloud-platform"]
[debug] [2020-05-01T12:33:38.209Z] > authorizing via signed-in user
[info] 
     ######## #### ########  ######## ########     ###     ######  ########
     ##        ##  ##     ## ##       ##     ##  ##   ##  ##       ##
     ######    ##  ########  ######   ########  #########  ######  ######
     ##        ##  ##    ##  ##       ##     ## ##     ##       ## ##
     ##       #### ##     ## ######## ########  ##     ##  ######  ########

You're about to initialize a Firebase project in this directory:

  C:\Users\c.b.radhakrishnan\Desktop\Angular\Covid19Project\covid19

Before we get started, keep in mind:

  * You are initializing in an existing Firebase project directory

